2024-03-11T07:47:06+00:00 DEBUG VT Entering isPermitted(PurchaseOrder,CreateView,) method ...
2024-03-11T07:47:06+00:00 DEBUG VT Entering getActionid(CreateView) method ...
2024-03-11T07:47:06+00:00 INFO  VT get Actionid CreateView
2024-03-11T07:47:06+00:00 INFO  VT action id selected is 7
2024-03-11T07:47:06+00:00 DEBUG VT Exiting getActionid method ...
2024-03-11T07:47:06+00:00 DEBUG VT Exiting isPermitted method ...
2024-03-11T07:47:06+00:00 DEBUG VT Entering isPermitted(PurchaseOrder,CreateView,) method ...
2024-03-11T07:47:06+00:00 DEBUG VT Entering getActionid(CreateView) method ...
2024-03-11T07:47:06+00:00 INFO  VT get Actionid CreateView
2024-03-11T07:47:06+00:00 INFO  VT action id selected is 7
2024-03-11T07:47:06+00:00 DEBUG VT Exiting getActionid method ...
2024-03-11T07:47:06+00:00 DEBUG VT Exiting isPermitted method ...
2024-03-11T07:47:06+00:00 DEBUG VT Entering isPermitted(MailManager,CreateView,) method ...
2024-03-11T07:47:06+00:00 DEBUG VT Entering getActionid(CreateView) method ...
2024-03-11T07:47:06+00:00 INFO  VT get Actionid CreateView
2024-03-11T07:47:06+00:00 INFO  VT action id selected is 7
2024-03-11T07:47:06+00:00 DEBUG VT Exiting getActionid method ...
2024-03-11T07:47:06+00:00 DEBUG VT Exiting isPermitted method ...
2024-03-11T07:47:06+00:00 DEBUG VT Entering isPermitted(MailManager,CreateView,) method ...
2024-03-11T07:47:06+00:00 DEBUG VT Entering getActionid(CreateView) method ...
2024-03-11T07:47:06+00:00 INFO  VT get Actionid CreateView
2024-03-11T07:47:06+00:00 INFO  VT action id selected is 7
2024-03-11T07:47:06+00:00 DEBUG VT Exiting getActionid method ...
2024-03-11T07:47:06+00:00 DEBUG VT Exiting isPermitted method ...
2024-03-11T07:47:06+00:00 DEBUG VT Entering isPermitted(Calendar,CreateView,) method ...
2024-03-11T07:47:06+00:00 DEBUG VT Entering getActionid(CreateView) method ...
2024-03-11T07:47:06+00:00 INFO  VT get Actionid CreateView
2024-03-11T07:47:06+00:00 INFO  VT action id selected is 7
2024-03-11T07:47:06+00:00 DEBUG VT Exiting getActionid method ...
2024-03-11T07:47:06+00:00 DEBUG VT Exiting isPermitted method ...
2024-03-11T07:47:06+00:00 DEBUG VT Entering isPermitted(Calendar,CreateView,) method ...
2024-03-11T07:47:06+00:00 DEBUG VT Entering getActionid(CreateView) method ...
2024-03-11T07:47:06+00:00 INFO  VT get Actionid CreateView
2024-03-11T07:47:06+00:00 INFO  VT action id selected is 7
2024-03-11T07:47:06+00:00 DEBUG VT Exiting getActionid method ...
2024-03-11T07:47:06+00:00 DEBUG VT Exiting isPermitted method ...
2024-03-11T07:47:06+00:00 DEBUG VT Entering isPermitted(Documents,CreateView,) method ...
2024-03-11T07:47:06+00:00 DEBUG VT Entering getActionid(CreateView) method ...
2024-03-11T07:47:06+00:00 INFO  VT get Actionid CreateView
2024-03-11T07:47:06+00:00 INFO  VT action id selected is 7
2024-03-11T07:47:06+00:00 DEBUG VT Exiting getActionid method ...
2024-03-11T07:47:06+00:00 DEBUG VT Exiting isPermitted method ...
2024-03-11T07:47:06+00:00 DEBUG VT Entering isPermitted(Documents,CreateView,) method ...
2024-03-11T07:47:06+00:00 DEBUG VT Entering getActionid(CreateView) method ...
2024-03-11T07:47:06+00:00 INFO  VT get Actionid CreateView
2024-03-11T07:47:06+00:00 INFO  VT action id selected is 7
2024-03-11T07:47:06+00:00 DEBUG VT Exiting getActionid method ...
2024-03-11T07:47:06+00:00 DEBUG VT Exiting isPermitted method ...
2024-03-11T07:47:06+00:00 DEBUG VT Entering isPermitted(RecycleBin,CreateView,) method ...
2024-03-11T07:47:06+00:00 DEBUG VT Entering getActionid(CreateView) method ...
2024-03-11T07:47:06+00:00 INFO  VT get Actionid CreateView
2024-03-11T07:47:06+00:00 INFO  VT action id selected is 7
2024-03-11T07:47:06+00:00 DEBUG VT Exiting getActionid method ...
2024-03-11T07:47:06+00:00 DEBUG VT Exiting isPermitted method ...
2024-03-11T07:47:06+00:00 DEBUG VT Entering isPermitted(RecycleBin,CreateView,) method ...
2024-03-11T07:47:07+00:00 DEBUG VT Entering getActionid(CreateView) method ...
2024-03-11T07:47:07+00:00 INFO  VT get Actionid CreateView
2024-03-11T07:47:07+00:00 INFO  VT action id selected is 7
2024-03-11T07:47:07+00:00 DEBUG VT Exiting getActionid method ...
2024-03-11T07:47:07+00:00 DEBUG VT Exiting isPermitted method ...
2024-03-11T07:47:07+00:00 DEBUG VT Entering isPermitted(ProjectTask,CreateView,) method ...
2024-03-11T07:47:07+00:00 DEBUG VT Entering getActionid(CreateView) method ...
2024-03-11T07:47:07+00:00 INFO  VT get Actionid CreateView
2024-03-11T07:47:07+00:00 INFO  VT action id selected is 7
2024-03-11T07:47:07+00:00 DEBUG VT Exiting getActionid method ...
2024-03-11T07:47:07+00:00 DEBUG VT Exiting isPermitted method ...
2024-03-11T07:47:07+00:00 DEBUG VT Entering isPermitted(ProjectTask,CreateView,) method ...
2024-03-11T07:47:07+00:00 DEBUG VT Entering getActionid(CreateView) method ...
2024-03-11T07:47:07+00:00 INFO  VT get Actionid CreateView
2024-03-11T07:47:07+00:00 INFO  VT action id selected is 7
2024-03-11T07:47:07+00:00 DEBUG VT Exiting getActionid method ...
2024-03-11T07:47:07+00:00 DEBUG VT Exiting isPermitted method ...
2024-03-11T07:47:07+00:00 DEBUG VT Entering isPermitted(ProjectMilestone,CreateView,) method ...
2024-03-11T07:47:07+00:00 DEBUG VT Entering getActionid(CreateView) method ...
2024-03-11T07:47:07+00:00 INFO  VT get Actionid CreateView
2024-03-11T07:47:07+00:00 INFO  VT action id selected is 7
2024-03-11T07:47:07+00:00 DEBUG VT Exiting getActionid method ...
2024-03-11T07:47:07+00:00 DEBUG VT Exiting isPermitted method ...
2024-03-11T07:47:07+00:00 DEBUG VT Entering isPermitted(ProjectMilestone,CreateView,) method ...
2024-03-11T07:47:07+00:00 DEBUG VT Entering getActionid(CreateView) method ...
2024-03-11T07:47:07+00:00 INFO  VT get Actionid CreateView
2024-03-11T07:47:07+00:00 INFO  VT action id selected is 7
2024-03-11T07:47:07+00:00 DEBUG VT Exiting getActionid method ...
2024-03-11T07:47:07+00:00 DEBUG VT Exiting isPermitted method ...
2024-03-11T07:47:07+00:00 DEBUG VT Entering isPermitted(Payment,CreateView,) method ...
2024-03-11T07:47:07+00:00 DEBUG VT Entering getActionid(CreateView) method ...
2024-03-11T07:47:07+00:00 INFO  VT get Actionid CreateView
2024-03-11T07:47:07+00:00 INFO  VT action id selected is 7
2024-03-11T07:47:07+00:00 DEBUG VT Exiting getActionid method ...
2024-03-11T07:47:07+00:00 DEBUG VT Exiting isPermitted method ...
2024-03-11T07:47:07+00:00 DEBUG VT Entering isPermitted(Payment,CreateView,) method ...
2024-03-11T07:47:07+00:00 DEBUG VT Entering getActionid(CreateView) method ...
2024-03-11T07:47:07+00:00 INFO  VT get Actionid CreateView
2024-03-11T07:47:07+00:00 INFO  VT action id selected is 7
2024-03-11T07:47:07+00:00 DEBUG VT Exiting getActionid method ...
2024-03-11T07:47:07+00:00 DEBUG VT Exiting isPermitted method ...
2024-03-11T07:47:07+00:00 DEBUG VT Entering isPermitted(ModuleBuilder,CreateView,) method ...
2024-03-11T07:47:07+00:00 DEBUG VT Entering getActionid(CreateView) method ...
2024-03-11T07:47:07+00:00 INFO  VT get Actionid CreateView
2024-03-11T07:47:07+00:00 INFO  VT action id selected is 7
2024-03-11T07:47:07+00:00 DEBUG VT Exiting getActionid method ...
2024-03-11T07:47:07+00:00 DEBUG VT Exiting isPermitted method ...
2024-03-11T07:47:07+00:00 DEBUG VT Entering isPermitted(ModuleBuilder,CreateView,) method ...
2024-03-11T07:47:07+00:00 DEBUG VT Entering getActionid(CreateView) method ...
2024-03-11T07:47:07+00:00 INFO  VT get Actionid CreateView
2024-03-11T07:47:07+00:00 INFO  VT action id selected is 7
2024-03-11T07:47:07+00:00 DEBUG VT Exiting getActionid method ...
2024-03-11T07:47:07+00:00 DEBUG VT Exiting isPermitted method ...
2024-03-11T07:47:07+00:00 DEBUG VT Entering isPermitted(PDFMaker,CreateView,) method ...
2024-03-11T07:47:07+00:00 DEBUG VT Entering getActionid(CreateView) method ...
2024-03-11T07:47:07+00:00 INFO  VT get Actionid CreateView
2024-03-11T07:47:07+00:00 INFO  VT action id selected is 7
2024-03-11T07:47:07+00:00 DEBUG VT Exiting getActionid method ...
2024-03-11T07:47:07+00:00 DEBUG VT Exiting isPermitted method ...
2024-03-11T07:47:07+00:00 DEBUG VT Entering isPermitted(PDFMaker,CreateView,) method ...
2024-03-11T07:47:07+00:00 DEBUG VT Entering getActionid(CreateView) method ...
2024-03-11T07:47:07+00:00 INFO  VT get Actionid CreateView
2024-03-11T07:47:07+00:00 INFO  VT action id selected is 7
2024-03-11T07:47:07+00:00 DEBUG VT Exiting getActionid method ...
2024-03-11T07:47:07+00:00 DEBUG VT Exiting isPermitted method ...
2024-03-11T07:47:07+00:00 DEBUG VT Entering isPermitted(ITS4YouInstaller,CreateView,) method ...
2024-03-11T07:47:07+00:00 DEBUG VT Entering getActionid(CreateView) method ...
2024-03-11T07:47:07+00:00 INFO  VT get Actionid CreateView
2024-03-11T07:47:07+00:00 INFO  VT action id selected is 7
2024-03-11T07:47:07+00:00 DEBUG VT Exiting getActionid method ...
2024-03-11T07:47:07+00:00 DEBUG VT Exiting isPermitted method ...
2024-03-11T07:47:07+00:00 DEBUG VT Entering isPermitted(ITS4YouInstaller,CreateView,) method ...
2024-03-11T07:47:07+00:00 DEBUG VT Entering getActionid(CreateView) method ...
2024-03-11T07:47:07+00:00 INFO  VT get Actionid CreateView
2024-03-11T07:47:07+00:00 INFO  VT action id selected is 7
2024-03-11T07:47:07+00:00 DEBUG VT Exiting getActionid method ...
2024-03-11T07:47:07+00:00 DEBUG VT Exiting isPermitted method ...
2024-03-11T07:47:07+00:00 DEBUG VT Entering isPermitted(Sitevisit,CreateView,) method ...
2024-03-11T07:47:07+00:00 DEBUG VT Entering getActionid(CreateView) method ...
2024-03-11T07:47:07+00:00 INFO  VT get Actionid CreateView
2024-03-11T07:47:07+00:00 INFO  VT action id selected is 7
2024-03-11T07:47:07+00:00 DEBUG VT Exiting getActionid method ...
2024-03-11T07:47:07+00:00 DEBUG VT Exiting isPermitted method ...
2024-03-11T07:47:07+00:00 DEBUG VT Entering isPermitted(Sitevisit,CreateView,) method ...
2024-03-11T07:47:07+00:00 DEBUG VT Entering getActionid(CreateView) method ...
2024-03-11T07:47:07+00:00 INFO  VT get Actionid CreateView
2024-03-11T07:47:07+00:00 INFO  VT action id selected is 7
2024-03-11T07:47:07+00:00 DEBUG VT Exiting getActionid method ...
2024-03-11T07:47:07+00:00 DEBUG VT Exiting isPermitted method ...
2024-03-11T07:47:07+00:00 DEBUG VT Entering isPermitted(Rss,CreateView,) method ...
2024-03-11T07:47:07+00:00 DEBUG VT Entering getActionid(CreateView) method ...
2024-03-11T07:47:07+00:00 INFO  VT get Actionid CreateView
2024-03-11T07:47:07+00:00 INFO  VT action id selected is 7
2024-03-11T07:47:07+00:00 DEBUG VT Exiting getActionid method ...
2024-03-11T07:47:07+00:00 DEBUG VT Exiting isPermitted method ...
2024-03-11T07:47:07+00:00 DEBUG VT Entering isPermitted(Rss,CreateView,) method ...
2024-03-11T07:47:07+00:00 DEBUG VT Entering getActionid(CreateView) method ...
2024-03-11T07:47:07+00:00 INFO  VT get Actionid CreateView
2024-03-11T07:47:07+00:00 INFO  VT action id selected is 7
2024-03-11T07:47:07+00:00 DEBUG VT Exiting getActionid method ...
2024-03-11T07:47:07+00:00 DEBUG VT Exiting isPermitted method ...
2024-03-11T07:47:07+00:00 DEBUG VT Entering isPermitted(EmailTemplates,CreateView,) method ...
2024-03-11T07:47:07+00:00 DEBUG VT Entering getActionid(CreateView) method ...
2024-03-11T07:47:07+00:00 INFO  VT get Actionid CreateView
2024-03-11T07:47:07+00:00 INFO  VT action id selected is 7
2024-03-11T07:47:07+00:00 DEBUG VT Exiting getActionid method ...
2024-03-11T07:47:07+00:00 DEBUG VT Exiting isPermitted method ...
2024-03-11T07:47:07+00:00 DEBUG VT Entering isPermitted(EmailTemplates,CreateView,) method ...
2024-03-11T07:47:07+00:00 DEBUG VT Entering getActionid(CreateView) method ...
2024-03-11T07:47:07+00:00 INFO  VT get Actionid CreateView
2024-03-11T07:47:07+00:00 INFO  VT action id selected is 7
2024-03-11T07:47:07+00:00 DEBUG VT Exiting getActionid method ...
2024-03-11T07:47:07+00:00 DEBUG VT Exiting isPermitted method ...
2024-03-11T07:47:07+00:00 DEBUG VT Entering isPermitted(Reports,CreateView,) method ...
2024-03-11T07:47:07+00:00 DEBUG VT Entering getActionid(CreateView) method ...
2024-03-11T07:47:07+00:00 INFO  VT get Actionid CreateView
2024-03-11T07:47:07+00:00 INFO  VT action id selected is 7
2024-03-11T07:47:07+00:00 DEBUG VT Exiting getActionid method ...
2024-03-11T07:47:07+00:00 DEBUG VT Exiting isPermitted method ...
2024-03-11T07:47:07+00:00 DEBUG VT Entering isPermitted(Reports,CreateView,) method ...
2024-03-11T07:47:07+00:00 DEBUG VT Entering getActionid(CreateView) method ...
2024-03-11T07:47:07+00:00 INFO  VT get Actionid CreateView
2024-03-11T07:47:07+00:00 INFO  VT action id selected is 7
2024-03-11T07:47:07+00:00 DEBUG VT Exiting getActionid method ...
2024-03-11T07:47:07+00:00 DEBUG VT Exiting isPermitted method ...
2024-03-11T07:47:07+00:00 DEBUG VT Entering isPermitted(ServiceEngineer,CreateView,) method ...
2024-03-11T07:47:07+00:00 DEBUG VT Entering getActionid(CreateView) method ...
2024-03-11T07:47:07+00:00 INFO  VT get Actionid CreateView
2024-03-11T07:47:07+00:00 INFO  VT action id selected is 7
2024-03-11T07:47:07+00:00 DEBUG VT Exiting getActionid method ...
2024-03-11T07:47:07+00:00 DEBUG VT Exiting isPermitted method ...
2024-03-11T07:47:07+00:00 DEBUG VT Entering isPermitted(ServiceEngineer,CreateView,) method ...
2024-03-11T07:47:07+00:00 DEBUG VT Entering getActionid(CreateView) method ...
2024-03-11T07:47:07+00:00 INFO  VT get Actionid CreateView
2024-03-11T07:47:07+00:00 INFO  VT action id selected is 7
2024-03-11T07:47:07+00:00 DEBUG VT Exiting getActionid method ...
2024-03-11T07:47:07+00:00 DEBUG VT Exiting isPermitted method ...
2024-03-11T07:47:07+00:00 DEBUG VT Entering isPermitted(SiteValidationMasking,CreateView,) method ...
2024-03-11T07:47:07+00:00 DEBUG VT Entering getActionid(CreateView) method ...
2024-03-11T07:47:07+00:00 INFO  VT get Actionid CreateView
2024-03-11T07:47:07+00:00 INFO  VT action id selected is 7
2024-03-11T07:47:07+00:00 DEBUG VT Exiting getActionid method ...
2024-03-11T07:47:07+00:00 DEBUG VT Exiting isPermitted method ...
2024-03-11T07:47:07+00:00 DEBUG VT Entering isPermitted(SiteValidationMasking,CreateView,) method ...
2024-03-11T07:47:07+00:00 DEBUG VT Entering getActionid(CreateView) method ...
2024-03-11T07:47:07+00:00 INFO  VT get Actionid CreateView
2024-03-11T07:47:07+00:00 INFO  VT action id selected is 7
2024-03-11T07:47:07+00:00 DEBUG VT Exiting getActionid method ...
2024-03-11T07:47:07+00:00 DEBUG VT Exiting isPermitted method ...
2024-03-11T07:47:07+00:00 DEBUG VT Entering isPermitted(Portal,CreateView,) method ...
2024-03-11T07:47:07+00:00 DEBUG VT Entering getActionid(CreateView) method ...
2024-03-11T07:47:07+00:00 INFO  VT get Actionid CreateView
2024-03-11T07:47:07+00:00 INFO  VT action id selected is 7
2024-03-11T07:47:07+00:00 DEBUG VT Exiting getActionid method ...
2024-03-11T07:47:07+00:00 DEBUG VT Exiting isPermitted method ...
2024-03-11T07:47:07+00:00 DEBUG VT Entering isPermitted(Portal,CreateView,) method ...
2024-03-11T07:47:07+00:00 DEBUG VT Entering getActionid(CreateView) method ...
2024-03-11T07:47:07+00:00 INFO  VT get Actionid CreateView
2024-03-11T07:47:07+00:00 INFO  VT action id selected is 7
2024-03-11T07:47:07+00:00 DEBUG VT Exiting getActionid method ...
2024-03-11T07:47:07+00:00 DEBUG VT Exiting isPermitted method ...
2024-03-11T07:47:07+00:00 DEBUG VT Prepared sql query being executed : SELECT vtiger_attachments.attachmentsid, vtiger_attachments.path, vtiger_attachments.name FROM vtiger_attachments
                                  LEFT JOIN vtiger_salesmanattachmentsrel ON vtiger_salesmanattachmentsrel.attachmentsid = vtiger_attachments.attachmentsid
                                  WHERE vtiger_salesmanattachmentsrel.smid=?
2024-03-11T07:47:07+00:00 DEBUG VT Prepared sql query parameters : [1]
2024-03-11T07:47:07+00:00 DEBUG VT Prepared sql query being executed : SELECT rolename from vtiger_role WHERE roleid = ?
2024-03-11T07:47:07+00:00 DEBUG VT Prepared sql query parameters : [H2]
2024-03-11T07:47:07+00:00 DEBUG VT Prepared sql query being executed : SELECT * FROM vtiger_app2tab WHERE visible = ? ORDER BY appname,sequence
2024-03-11T07:47:07+00:00 DEBUG VT Prepared sql query parameters : [1]
2024-03-11T07:47:07+00:00 DEBUG VT Entering getDefaultUrl() method....
2024-03-11T07:47:07+00:00 DEBUG VT Exiting getDefaultUrl() method....
2024-03-11T07:47:07+00:00 DEBUG VT Entering getDefaultViewName() method....
2024-03-11T07:47:07+00:00 DEBUG VT Exiting getDefaultViewName() method....
2024-03-11T07:47:07+00:00 DEBUG VT Prepared sql query being executed : SELECT cvid FROM vtiger_customview WHERE setdefault = 1 AND entitytype = ?
2024-03-11T07:47:07+00:00 DEBUG VT Prepared sql query parameters : [Leads]
2024-03-11T07:47:07+00:00 DEBUG VT Prepared sql query being executed : SELECT default_cvid FROM vtiger_user_module_preferences WHERE userid = ? AND tabid = ?
2024-03-11T07:47:07+00:00 DEBUG VT Prepared sql query parameters : [1,7]
2024-03-11T07:47:07+00:00 DEBUG VT Prepared sql query being executed : SELECT * FROM vtiger_customview WHERE cvid = ?
2024-03-11T07:47:07+00:00 DEBUG VT Prepared sql query parameters : [2]
2024-03-11T07:47:07+00:00 DEBUG VT Prepared sql query being executed : SELECT vtiger_users.id, vtiger_users.last_name, vtiger_users.first_name, vtiger_users.userlabel FROM vtiger_users
							INNER JOIN vtiger_cv2users ON vtiger_cv2users.userid = vtiger_users.id
							WHERE vtiger_cv2users.cvid = ?
2024-03-11T07:47:07+00:00 DEBUG VT Prepared sql query parameters : [2]
2024-03-11T07:47:07+00:00 DEBUG VT Prepared sql query being executed : SELECT vtiger_groups.groupid, vtiger_groups.groupname FROM vtiger_groups
							INNER JOIN vtiger_cv2group ON vtiger_cv2group.groupid = vtiger_groups.groupid
							WHERE vtiger_cv2group.cvid = ?
2024-03-11T07:47:07+00:00 DEBUG VT Prepared sql query parameters : [2]
2024-03-11T07:47:07+00:00 DEBUG VT Prepared sql query being executed : SELECT vtiger_role.roleid, vtiger_role.rolename FROM vtiger_role
							INNER JOIN vtiger_cv2role ON vtiger_cv2role.roleid = vtiger_role.roleid
							WHERE vtiger_cv2role.cvid = ?
2024-03-11T07:47:07+00:00 DEBUG VT Prepared sql query parameters : [2]
2024-03-11T07:47:07+00:00 DEBUG VT Prepared sql query being executed : SELECT vtiger_role.roleid, vtiger_role.rolename FROM vtiger_role
							INNER JOIN vtiger_cv2rs ON vtiger_cv2rs.rsid = vtiger_role.roleid
							WHERE vtiger_cv2rs.cvid = ?
2024-03-11T07:47:07+00:00 DEBUG VT Prepared sql query parameters : [2]
2024-03-11T07:47:07+00:00 DEBUG VT Prepared sql query being executed : SELECT default_cvid FROM vtiger_user_module_preferences WHERE userid = ? AND tabid = ?
2024-03-11T07:47:07+00:00 DEBUG VT Prepared sql query parameters : [1,7]
2024-03-11T07:47:07+00:00 DEBUG VT Prepared sql query being executed : SELECT * FROM vtiger_customview WHERE cvid = ?
2024-03-11T07:47:07+00:00 DEBUG VT Prepared sql query parameters : [3]
2024-03-11T07:47:07+00:00 DEBUG VT Prepared sql query being executed : SELECT vtiger_users.id, vtiger_users.last_name, vtiger_users.first_name, vtiger_users.userlabel FROM vtiger_users
							INNER JOIN vtiger_cv2users ON vtiger_cv2users.userid = vtiger_users.id
							WHERE vtiger_cv2users.cvid = ?
2024-03-11T07:47:07+00:00 DEBUG VT Prepared sql query parameters : [3]
2024-03-11T07:47:07+00:00 DEBUG VT Prepared sql query being executed : SELECT vtiger_groups.groupid, vtiger_groups.groupname FROM vtiger_groups
							INNER JOIN vtiger_cv2group ON vtiger_cv2group.groupid = vtiger_groups.groupid
							WHERE vtiger_cv2group.cvid = ?
2024-03-11T07:47:07+00:00 DEBUG VT Prepared sql query parameters : [3]
2024-03-11T07:47:07+00:00 DEBUG VT Prepared sql query being executed : SELECT vtiger_role.roleid, vtiger_role.rolename FROM vtiger_role
							INNER JOIN vtiger_cv2role ON vtiger_cv2role.roleid = vtiger_role.roleid
							WHERE vtiger_cv2role.cvid = ?
2024-03-11T07:47:07+00:00 DEBUG VT Prepared sql query parameters : [3]
2024-03-11T07:47:07+00:00 DEBUG VT Prepared sql query being executed : SELECT vtiger_role.roleid, vtiger_role.rolename FROM vtiger_role
							INNER JOIN vtiger_cv2rs ON vtiger_cv2rs.rsid = vtiger_role.roleid
							WHERE vtiger_cv2rs.cvid = ?
2024-03-11T07:47:07+00:00 DEBUG VT Prepared sql query parameters : [3]
2024-03-11T07:47:07+00:00 DEBUG VT Prepared sql query being executed : SELECT default_cvid FROM vtiger_user_module_preferences WHERE userid = ? AND tabid = ?
2024-03-11T07:47:07+00:00 DEBUG VT Prepared sql query parameters : [1,7]
2024-03-11T07:47:07+00:00 DEBUG VT Prepared sql query being executed : SELECT * FROM vtiger_customview WHERE cvid = ?
2024-03-11T07:47:07+00:00 DEBUG VT Prepared sql query parameters : [1]
2024-03-11T07:47:07+00:00 DEBUG VT Prepared sql query being executed : SELECT vtiger_users.id, vtiger_users.last_name, vtiger_users.first_name, vtiger_users.userlabel FROM vtiger_users
							INNER JOIN vtiger_cv2users ON vtiger_cv2users.userid = vtiger_users.id
							WHERE vtiger_cv2users.cvid = ?
2024-03-11T07:47:07+00:00 DEBUG VT Prepared sql query parameters : [1]
2024-03-11T07:47:07+00:00 DEBUG VT Prepared sql query being executed : SELECT vtiger_groups.groupid, vtiger_groups.groupname FROM vtiger_groups
							INNER JOIN vtiger_cv2group ON vtiger_cv2group.groupid = vtiger_groups.groupid
							WHERE vtiger_cv2group.cvid = ?
2024-03-11T07:47:07+00:00 DEBUG VT Prepared sql query parameters : [1]
2024-03-11T07:47:07+00:00 DEBUG VT Prepared sql query being executed : SELECT vtiger_role.roleid, vtiger_role.rolename FROM vtiger_role
							INNER JOIN vtiger_cv2role ON vtiger_cv2role.roleid = vtiger_role.roleid
							WHERE vtiger_cv2role.cvid = ?
2024-03-11T07:47:07+00:00 DEBUG VT Prepared sql query parameters : [1]
2024-03-11T07:47:07+00:00 DEBUG VT Prepared sql query being executed : SELECT vtiger_role.roleid, vtiger_role.rolename FROM vtiger_role
							INNER JOIN vtiger_cv2rs ON vtiger_cv2rs.rsid = vtiger_role.roleid
							WHERE vtiger_cv2rs.cvid = ?
2024-03-11T07:47:07+00:00 DEBUG VT Prepared sql query parameters : [1]
2024-03-11T07:47:07+00:00 DEBUG VT Prepared sql query being executed : SELECT * FROM vtiger_links WHERE (tabid=? OR tabid=0) AND linktype IN (?)
2024-03-11T07:47:07+00:00 DEBUG VT Prepared sql query parameters : [7,EXTENSIONLINK]
2024-03-11T07:47:07+00:00 DEBUG VT Prepared sql query being executed : SELECT fieldid FROM vtiger_field WHERE fieldname = ? AND tabid = ?
2024-03-11T07:47:07+00:00 DEBUG VT Prepared sql query parameters : [related_to,42]
2024-03-11T07:47:07+00:00 DEBUG VT Prepared sql query being executed : SELECT relmodule FROM vtiger_fieldmodulerel WHERE fieldid = ?
2024-03-11T07:47:07+00:00 DEBUG VT Prepared sql query parameters : [613]
2024-03-11T07:47:07+00:00 DEBUG VT Entering isPermitted(ModComments,CreateView,) method ...
2024-03-11T07:47:07+00:00 DEBUG VT Entering getActionid(CreateView) method ...
2024-03-11T07:47:07+00:00 INFO  VT get Actionid CreateView
2024-03-11T07:47:07+00:00 INFO  VT action id selected is 7
2024-03-11T07:47:07+00:00 DEBUG VT Exiting getActionid method ...
2024-03-11T07:47:07+00:00 DEBUG VT Exiting isPermitted method ...
2024-03-11T07:47:07+00:00 DEBUG VT Prepared sql query being executed : SELECT fieldid FROM vtiger_field WHERE fieldname = ? AND tabid = ?
2024-03-11T07:47:07+00:00 DEBUG VT Prepared sql query parameters : [related_to,42]
2024-03-11T07:47:07+00:00 DEBUG VT Prepared sql query being executed : SELECT relmodule FROM vtiger_fieldmodulerel WHERE fieldid = ?
2024-03-11T07:47:07+00:00 DEBUG VT Prepared sql query parameters : [613]
2024-03-11T07:47:07+00:00 DEBUG VT Entering isPermitted(Whatsapp,CreateView,) method ...
2024-03-11T07:47:07+00:00 DEBUG VT Entering getActionid(CreateView) method ...
2024-03-11T07:47:07+00:00 INFO  VT get Actionid CreateView
2024-03-11T07:47:07+00:00 INFO  VT action id selected is 7
2024-03-11T07:47:07+00:00 DEBUG VT Exiting getActionid method ...
2024-03-11T07:47:07+00:00 DEBUG VT Exiting isPermitted method ...
2024-03-11T07:47:07+00:00 DEBUG VT Prepared sql query being executed : SELECT fieldid FROM vtiger_field WHERE fieldname = ? AND tabid = ?
2024-03-11T07:47:07+00:00 DEBUG VT Prepared sql query parameters : [related_to,42]
2024-03-11T07:47:07+00:00 DEBUG VT Prepared sql query being executed : SELECT relmodule FROM vtiger_fieldmodulerel WHERE fieldid = ?
2024-03-11T07:47:07+00:00 DEBUG VT Prepared sql query parameters : [613]
2024-03-11T07:47:07+00:00 DEBUG VT Entering isPermitted(Whatsapp,CreateView,) method ...
2024-03-11T07:47:07+00:00 DEBUG VT Entering getActionid(CreateView) method ...
2024-03-11T07:47:07+00:00 INFO  VT get Actionid CreateView
2024-03-11T07:47:07+00:00 INFO  VT action id selected is 7
2024-03-11T07:47:07+00:00 DEBUG VT Exiting getActionid method ...
2024-03-11T07:47:07+00:00 DEBUG VT Exiting isPermitted method ...
2024-03-11T07:47:07+00:00 DEBUG VT Prepared sql query being executed : SELECT *  FROM vtiger_freetags 
					INNER JOIN vtiger_freetagged_objects ON vtiger_freetags.id = vtiger_freetagged_objects.tag_id 
					WHERE (vtiger_freetagged_objects.tagger_id = ? OR vtiger_freetags.visibility='public')  AND vtiger_freetagged_objects.module=? ORDER BY tagged_on 
2024-03-11T07:47:07+00:00 DEBUG VT Prepared sql query parameters : [1,Leads]
2024-03-11T07:47:07+00:00 DEBUG VT Prepared sql query being executed : SELECT * FROM vtiger_freetags WHERE owner=? OR visibility=?
2024-03-11T07:47:07+00:00 DEBUG VT Prepared sql query parameters : [1,public]
2024-03-11T07:47:07+00:00 DEBUG VT Entering getAllUserGroups(1) method...
2024-03-11T07:47:07+00:00 DEBUG VT Prepared sql query being executed : select * from vtiger_users2group where userid=?
2024-03-11T07:47:07+00:00 DEBUG VT Prepared sql query parameters : [1]
2024-03-11T07:47:07+00:00 DEBUG VT Entering fetchUserRole(1) method ...
2024-03-11T07:47:07+00:00 DEBUG VT Prepared sql query being executed : select roleid from vtiger_user2role where userid=?
2024-03-11T07:47:07+00:00 DEBUG VT Prepared sql query parameters : [1]
2024-03-11T07:47:07+00:00 DEBUG VT Exiting fetchUserRole method ...
2024-03-11T07:47:07+00:00 DEBUG VT Prepared sql query being executed : select * from vtiger_group2role where roleid=?
2024-03-11T07:47:07+00:00 DEBUG VT Prepared sql query parameters : [H2]
2024-03-11T07:47:07+00:00 DEBUG VT Entering getParentRole(H2) method ...
2024-03-11T07:47:07+00:00 DEBUG VT Entering getRoleInformation(H2) method ...
2024-03-11T07:47:07+00:00 DEBUG VT Prepared sql query being executed : select * from vtiger_role where roleid=?
2024-03-11T07:47:07+00:00 DEBUG VT Prepared sql query parameters : [H2]
2024-03-11T07:47:07+00:00 DEBUG VT Exiting getRoleInformation method ...
2024-03-11T07:47:07+00:00 DEBUG VT Exiting getParentRole method ...
2024-03-11T07:47:07+00:00 DEBUG VT Prepared sql query being executed : select * from vtiger_group2rs where roleandsubid in (?,?)
2024-03-11T07:47:07+00:00 DEBUG VT Prepared sql query parameters : [H1,H2]
2024-03-11T07:47:07+00:00 DEBUG VT Entering getAllParentGroups(3) method...
2024-03-11T07:47:07+00:00 DEBUG VT Prepared sql query being executed : select groupid from vtiger_group2grouprel where containsgroupid=?
2024-03-11T07:47:07+00:00 DEBUG VT Prepared sql query parameters : [3]
2024-03-11T07:47:07+00:00 DEBUG VT Exiting getAllParentGroups method...
2024-03-11T07:47:07+00:00 DEBUG VT Exiting getAllUserGroups method...
2024-03-11T07:47:07+00:00 DEBUG VT Entering isPermitted(Leads,CreateView,) method ...
2024-03-11T07:47:07+00:00 DEBUG VT Entering getActionid(CreateView) method ...
2024-03-11T07:47:07+00:00 INFO  VT get Actionid CreateView
2024-03-11T07:47:07+00:00 INFO  VT action id selected is 7
2024-03-11T07:47:07+00:00 DEBUG VT Exiting getActionid method ...
2024-03-11T07:47:07+00:00 DEBUG VT Exiting isPermitted method ...
2024-03-11T07:47:07+00:00 DEBUG VT Entering isPermitted(Leads,EditView,) method ...
2024-03-11T07:47:07+00:00 DEBUG VT Entering getActionid(EditView) method ...
2024-03-11T07:47:07+00:00 INFO  VT get Actionid EditView
2024-03-11T07:47:07+00:00 INFO  VT action id selected is 1
2024-03-11T07:47:07+00:00 DEBUG VT Exiting getActionid method ...
2024-03-11T07:47:07+00:00 DEBUG VT Exiting isPermitted method ...
2024-03-11T07:47:07+00:00 DEBUG VT Entering isPermitted(Leads,Delete,) method ...
2024-03-11T07:47:07+00:00 DEBUG VT Entering getActionid(Delete) method ...
2024-03-11T07:47:07+00:00 INFO  VT get Actionid Delete
2024-03-11T07:47:07+00:00 INFO  VT action id selected is 2
2024-03-11T07:47:07+00:00 DEBUG VT Exiting getActionid method ...
2024-03-11T07:47:07+00:00 DEBUG VT Exiting isPermitted method ...
2024-03-11T07:47:07+00:00 DEBUG VT Prepared sql query being executed : SELECT sourcefield,targetfield,sourcevalue,targetvalues,criteria FROM vtiger_picklist_dependency WHERE tabid=?
2024-03-11T07:47:07+00:00 DEBUG VT Prepared sql query parameters : [7]
2024-03-11T07:47:07+00:00 DEBUG VT Prepared sql query being executed : SELECT * FROM vtiger_customview WHERE entitytype=?
2024-03-11T07:47:07+00:00 DEBUG VT Prepared sql query parameters : [Leads]
2024-03-11T07:47:07+00:00 DEBUG VT Prepared sql query being executed : SELECT vtiger_cvcolumnlist.* FROM vtiger_cvcolumnlist
					INNER JOIN vtiger_customview ON vtiger_customview.cvid = vtiger_cvcolumnlist.cvid
				WHERE vtiger_customview.cvid  = ? ORDER BY vtiger_cvcolumnlist.columnindex
2024-03-11T07:47:07+00:00 DEBUG VT Prepared sql query parameters : [1]
2024-03-11T07:47:07+00:00 DEBUG VT Prepared sql query being executed : SELECT vtiger_cvcolumnlist.* FROM vtiger_cvcolumnlist
					INNER JOIN vtiger_customview ON vtiger_customview.cvid = vtiger_cvcolumnlist.cvid
				WHERE vtiger_customview.cvid  = ? ORDER BY vtiger_cvcolumnlist.columnindex
2024-03-11T07:47:07+00:00 DEBUG VT Prepared sql query parameters : [1]
2024-03-11T07:47:07+00:00 DEBUG VT Entering isPermitted(Leads,EditView,) method ...
2024-03-11T07:47:07+00:00 DEBUG VT Entering getActionid(EditView) method ...
2024-03-11T07:47:07+00:00 INFO  VT get Actionid EditView
2024-03-11T07:47:07+00:00 INFO  VT action id selected is 1
2024-03-11T07:47:07+00:00 DEBUG VT Exiting getActionid method ...
2024-03-11T07:47:07+00:00 DEBUG VT Exiting isPermitted method ...
2024-03-11T07:47:07+00:00 DEBUG VT Entering isPermitted(Leads,Delete,) method ...
2024-03-11T07:47:07+00:00 DEBUG VT Entering getActionid(Delete) method ...
2024-03-11T07:47:07+00:00 INFO  VT get Actionid Delete
2024-03-11T07:47:07+00:00 INFO  VT action id selected is 2
2024-03-11T07:47:07+00:00 DEBUG VT Exiting getActionid method ...
2024-03-11T07:47:07+00:00 DEBUG VT Exiting isPermitted method ...
2024-03-11T07:47:07+00:00 INFO  VT PearDatabase ->ADODB getColumnNames table=vtiger_cf_1136
2024-03-11T07:47:07+00:00 DEBUG VT Prepared sql query being executed : SELECT cf_1136id,color,cf_1136 FROM vtiger_cf_1136
2024-03-11T07:47:07+00:00 DEBUG VT Prepared sql query being executed : select picklistid from vtiger_picklist where name = ?
2024-03-11T07:47:07+00:00 DEBUG VT Prepared sql query parameters : [cf_1136]
2024-03-11T07:47:07+00:00 DEBUG VT Prepared sql query being executed : select picklistid from vtiger_picklist where name = ?
2024-03-11T07:47:07+00:00 DEBUG VT Prepared sql query parameters : [cf_1136]
2024-03-11T07:47:07+00:00 DEBUG lead Entering Leads() method ...
2024-03-11T07:47:07+00:00 DEBUG VT Entering getColumnFields(Leads) method ...
2024-03-11T07:47:07+00:00 DEBUG VT in getColumnFields Leads
2024-03-11T07:47:07+00:00 DEBUG VT Exiting getColumnFields method ...
2024-03-11T07:47:07+00:00 DEBUG lead Exiting Lead method ...
2024-03-11T07:47:07+00:00 DEBUG VT Entering getColumnFields(Leads) method ...
2024-03-11T07:47:07+00:00 DEBUG VT in getColumnFields Leads
2024-03-11T07:47:07+00:00 DEBUG VT Exiting getColumnFields method ...
2024-03-11T07:47:07+00:00 DEBUG VT Entering isPermitted(Leads,EditView,) method ...
2024-03-11T07:47:07+00:00 DEBUG VT Entering getActionid(EditView) method ...
2024-03-11T07:47:07+00:00 INFO  VT get Actionid EditView
2024-03-11T07:47:07+00:00 INFO  VT action id selected is 1
2024-03-11T07:47:07+00:00 DEBUG VT Exiting getActionid method ...
2024-03-11T07:47:07+00:00 DEBUG VT Exiting isPermitted method ...
2024-03-11T07:47:07+00:00 DEBUG VT Prepared sql query being executed : SHOW TABLES LIKE ?
2024-03-11T07:47:07+00:00 DEBUG VT Prepared sql query parameters : [vtiger_cf_1136]
2024-03-11T07:47:07+00:00 DEBUG VT Prepared sql query being executed : SELECT cf_1136, color FROM vtiger_cf_1136 WHERE cf_1136 IN (?,?,?)
2024-03-11T07:47:07+00:00 DEBUG VT Prepared sql query parameters : [high,low,medium]
2024-03-11T07:47:07+00:00 INFO  VT getNextRow
2024-03-11T07:47:07+00:00 INFO  VT getNextRow
2024-03-11T07:47:07+00:00 INFO  VT getNextRow
2024-03-11T07:47:07+00:00 INFO  VT getNextRow
2024-03-11T07:47:07+00:00 INFO  VT PearDatabase ->ADODB disconnect
2024-03-11T07:47:08+00:00 DEBUG user Entering Users() method ...
2024-03-11T07:47:08+00:00 DEBUG VT Entering getColumnFields(Users) method ...
2024-03-11T07:47:08+00:00 DEBUG VT in getColumnFields Users
2024-03-11T07:47:08+00:00 DEBUG VT Prepared sql query being executed : SELECT tabid, name, ownedby FROM vtiger_tab
2024-03-11T07:47:08+00:00 DEBUG VT Prepared sql query being executed : SELECT tabid, fieldname, fieldid, fieldlabel, columnname, tablename, uitype, typeofdata, presence
		FROM vtiger_field WHERE tabid in (?)
2024-03-11T07:47:08+00:00 DEBUG VT Prepared sql query parameters : [29]
2024-03-11T07:47:08+00:00 DEBUG VT Exiting getColumnFields method ...
2024-03-11T07:47:08+00:00 DEBUG user Exiting Users() method ...
2024-03-11T07:47:08+00:00 DEBUG VT Entering getColumnFields(Users) method ...
2024-03-11T07:47:08+00:00 DEBUG VT in getColumnFields Users
2024-03-11T07:47:08+00:00 DEBUG VT Exiting getColumnFields method ...
2024-03-11T07:47:08+00:00 DEBUG VT Prepared sql query being executed : SELECT * FROM vtiger_tab
2024-03-11T07:47:08+00:00 DEBUG VT Prepared sql query being executed : SELECT fieldname,modulename,tablename,entityidfield,entityidcolumn from vtiger_entityname
2024-03-11T07:47:08+00:00 INFO  VT PearDatabase ->ADODB disconnect
2024-03-11T07:47:08+00:00 DEBUG VT Prepared sql query being executed : SELECT * FROM its4you_installer_alert ORDER BY status ASC, createdtime DESC LIMIT 10
2024-03-11T07:47:08+00:00 INFO  VT PearDatabase ->ADODB fetchByAssoc return null
2024-03-11T07:47:09+00:00 DEBUG user Entering Users() method ...
2024-03-11T07:47:09+00:00 DEBUG VT Entering getColumnFields(Users) method ...
2024-03-11T07:47:09+00:00 DEBUG VT in getColumnFields Users
2024-03-11T07:47:09+00:00 DEBUG VT Prepared sql query being executed : SELECT tabid, name, ownedby FROM vtiger_tab
2024-03-11T07:47:09+00:00 DEBUG VT Prepared sql query being executed : SELECT tabid, fieldname, fieldid, fieldlabel, columnname, tablename, uitype, typeofdata, presence
		FROM vtiger_field WHERE tabid in (?)
2024-03-11T07:47:09+00:00 DEBUG VT Prepared sql query parameters : [29]
2024-03-11T07:47:09+00:00 DEBUG VT Exiting getColumnFields method ...
2024-03-11T07:47:09+00:00 DEBUG user Exiting Users() method ...
2024-03-11T07:47:09+00:00 DEBUG VT Entering getColumnFields(Users) method ...
2024-03-11T07:47:09+00:00 DEBUG VT in getColumnFields Users
2024-03-11T07:47:09+00:00 DEBUG VT Exiting getColumnFields method ...
2024-03-11T07:47:09+00:00 DEBUG VT Prepared sql query being executed : SELECT * FROM vtiger_tab
2024-03-11T07:47:09+00:00 DEBUG VT Prepared sql query being executed : SELECT fieldname,modulename,tablename,entityidfield,entityidcolumn from vtiger_entityname
2024-03-11T07:47:09+00:00 DEBUG VT Entering isPermitted(PBXManager,ReceiveIncomingCalls,) method ...
2024-03-11T07:47:09+00:00 DEBUG VT Entering getActionid(ReceiveIncomingCalls) method ...
2024-03-11T07:47:09+00:00 INFO  VT get Actionid ReceiveIncomingCalls
2024-03-11T07:47:09+00:00 INFO  VT action id selected is 11
2024-03-11T07:47:09+00:00 DEBUG VT Exiting getActionid method ...
2024-03-11T07:47:09+00:00 DEBUG VT Exiting isPermitted method ...
2024-03-11T07:47:09+00:00 DEBUG VT Prepared sql query being executed : SELECT * FROM vtiger_pbxmanager_gateway
2024-03-11T07:47:09+00:00 INFO  VT PearDatabase ->ADODB disconnect
2024-03-11T07:47:09+00:00 DEBUG user Entering Users() method ...
2024-03-11T07:47:09+00:00 DEBUG VT Entering getColumnFields(Users) method ...
2024-03-11T07:47:09+00:00 DEBUG VT in getColumnFields Users
2024-03-11T07:47:09+00:00 DEBUG VT Prepared sql query being executed : SELECT tabid, name, ownedby FROM vtiger_tab
2024-03-11T07:47:09+00:00 DEBUG VT Prepared sql query being executed : SELECT tabid, fieldname, fieldid, fieldlabel, columnname, tablename, uitype, typeofdata, presence
		FROM vtiger_field WHERE tabid in (?)
2024-03-11T07:47:09+00:00 DEBUG VT Prepared sql query parameters : [29]
2024-03-11T07:47:09+00:00 DEBUG VT Exiting getColumnFields method ...
2024-03-11T07:47:09+00:00 DEBUG user Exiting Users() method ...
2024-03-11T07:47:09+00:00 DEBUG VT Entering getColumnFields(Users) method ...
2024-03-11T07:47:09+00:00 DEBUG VT in getColumnFields Users
2024-03-11T07:47:09+00:00 DEBUG VT Exiting getColumnFields method ...
2024-03-11T07:47:09+00:00 DEBUG VT Prepared sql query being executed : SELECT * FROM vtiger_tab
2024-03-11T07:47:09+00:00 DEBUG VT Prepared sql query being executed : SELECT fieldname,modulename,tablename,entityidfield,entityidcolumn from vtiger_entityname
2024-03-11T07:47:09+00:00 DEBUG VT Prepared sql query being executed : SELECT * FROM vtiger_pbxmanager AS module_table INNER JOIN vtiger_crmentity AS entity_table  WHERE module_table.callstatus IN(?,?) AND module_table.direction=? AND module_table.pbxmanagerid=entity_table.crmid AND entity_table.deleted=0
2024-03-11T07:47:09+00:00 DEBUG VT Prepared sql query parameters : [ringing,in-progress,inbound]
2024-03-11T07:47:42+00:00 INFO  VT PearDatabase ->ADODB disconnect
2024-03-11T07:47:43+00:00 DEBUG user Entering Users() method ...
2024-03-11T07:47:43+00:00 DEBUG VT Entering getColumnFields(Users) method ...
2024-03-11T07:47:43+00:00 DEBUG VT in getColumnFields Users
2024-03-11T07:47:43+00:00 DEBUG VT Prepared sql query being executed : SELECT tabid, name, ownedby FROM vtiger_tab
2024-03-11T07:47:43+00:00 DEBUG VT Prepared sql query being executed : SELECT tabid, fieldname, fieldid, fieldlabel, columnname, tablename, uitype, typeofdata, presence
		FROM vtiger_field WHERE tabid in (?)
2024-03-11T07:47:43+00:00 DEBUG VT Prepared sql query parameters : [29]
2024-03-11T07:47:43+00:00 DEBUG VT Exiting getColumnFields method ...
2024-03-11T07:47:43+00:00 DEBUG user Exiting Users() method ...
2024-03-11T07:47:43+00:00 DEBUG VT Entering getColumnFields(Users) method ...
2024-03-11T07:47:43+00:00 DEBUG VT in getColumnFields Users
2024-03-11T07:47:43+00:00 DEBUG VT Exiting getColumnFields method ...
2024-03-11T07:47:43+00:00 DEBUG VT Prepared sql query being executed : SELECT * FROM vtiger_tab
2024-03-11T07:47:43+00:00 DEBUG VT Prepared sql query being executed : SELECT fieldname,modulename,tablename,entityidfield,entityidcolumn from vtiger_entityname
2024-03-11T07:47:43+00:00 DEBUG VT Entering isPermitted(Calendar,DetailView,) method ...
2024-03-11T07:47:43+00:00 DEBUG VT Entering getActionid(DetailView) method ...
2024-03-11T07:47:43+00:00 INFO  VT get Actionid DetailView
2024-03-11T07:47:43+00:00 INFO  VT action id selected is 4
2024-03-11T07:47:43+00:00 DEBUG VT Exiting getActionid method ...
2024-03-11T07:47:43+00:00 DEBUG VT Exiting isPermitted method ...
2024-03-11T07:47:43+00:00 DEBUG VT Prepared sql query being executed : SELECT reminderid, recordid FROM vtiger_activity_reminder_popup
								INNER JOIN vtiger_activity on vtiger_activity.activityid = vtiger_activity_reminder_popup.recordid
								INNER JOIN vtiger_crmentity ON vtiger_activity_reminder_popup.recordid = vtiger_crmentity.crmid
								WHERE vtiger_activity_reminder_popup.status = 0
								AND vtiger_crmentity.smownerid = ? AND vtiger_crmentity.deleted = 0
								AND ((DATE_FORMAT(vtiger_activity_reminder_popup.date_start,'%Y-%m-%d') <= ?)
								AND (TIME_FORMAT(vtiger_activity_reminder_popup.time_start,'%H:%i') <= ?))
								AND vtiger_activity.eventstatus <> 'Held' AND (vtiger_activity.status <> 'Completed' OR vtiger_activity.status IS NULL) LIMIT 20
2024-03-11T07:47:43+00:00 DEBUG VT Prepared sql query parameters : [1,2024-03-11,07:48]
2024-03-11T07:48:43+00:00 INFO  VT PearDatabase ->ADODB disconnect
2024-03-11T07:48:44+00:00 DEBUG user Entering Users() method ...
2024-03-11T07:48:44+00:00 DEBUG VT Entering getColumnFields(Users) method ...
2024-03-11T07:48:44+00:00 DEBUG VT in getColumnFields Users
2024-03-11T07:48:44+00:00 DEBUG VT Prepared sql query being executed : SELECT tabid, name, ownedby FROM vtiger_tab
2024-03-11T07:48:44+00:00 DEBUG VT Prepared sql query being executed : SELECT tabid, fieldname, fieldid, fieldlabel, columnname, tablename, uitype, typeofdata, presence
		FROM vtiger_field WHERE tabid in (?)
2024-03-11T07:48:44+00:00 DEBUG VT Prepared sql query parameters : [29]
2024-03-11T07:48:44+00:00 DEBUG VT Exiting getColumnFields method ...
2024-03-11T07:48:44+00:00 DEBUG user Exiting Users() method ...
2024-03-11T07:48:44+00:00 DEBUG VT Entering getColumnFields(Users) method ...
2024-03-11T07:48:44+00:00 DEBUG VT in getColumnFields Users
2024-03-11T07:48:44+00:00 DEBUG VT Exiting getColumnFields method ...
2024-03-11T07:48:44+00:00 DEBUG VT Prepared sql query being executed : SELECT * FROM vtiger_tab
2024-03-11T07:48:44+00:00 DEBUG VT Prepared sql query being executed : SELECT fieldname,modulename,tablename,entityidfield,entityidcolumn from vtiger_entityname
2024-03-11T07:48:44+00:00 DEBUG VT Entering isPermitted(Calendar,DetailView,) method ...
2024-03-11T07:48:44+00:00 DEBUG VT Entering getActionid(DetailView) method ...
2024-03-11T07:48:44+00:00 INFO  VT get Actionid DetailView
2024-03-11T07:48:44+00:00 INFO  VT action id selected is 4
2024-03-11T07:48:44+00:00 DEBUG VT Exiting getActionid method ...
2024-03-11T07:48:44+00:00 DEBUG VT Exiting isPermitted method ...
2024-03-11T07:48:44+00:00 DEBUG VT Prepared sql query being executed : SELECT reminderid, recordid FROM vtiger_activity_reminder_popup
								INNER JOIN vtiger_activity on vtiger_activity.activityid = vtiger_activity_reminder_popup.recordid
								INNER JOIN vtiger_crmentity ON vtiger_activity_reminder_popup.recordid = vtiger_crmentity.crmid
								WHERE vtiger_activity_reminder_popup.status = 0
								AND vtiger_crmentity.smownerid = ? AND vtiger_crmentity.deleted = 0
								AND ((DATE_FORMAT(vtiger_activity_reminder_popup.date_start,'%Y-%m-%d') <= ?)
								AND (TIME_FORMAT(vtiger_activity_reminder_popup.time_start,'%H:%i') <= ?))
								AND vtiger_activity.eventstatus <> 'Held' AND (vtiger_activity.status <> 'Completed' OR vtiger_activity.status IS NULL) LIMIT 20
2024-03-11T07:48:44+00:00 DEBUG VT Prepared sql query parameters : [1,2024-03-11,07:49]
2024-03-11T07:49:44+00:00 INFO  VT PearDatabase ->ADODB disconnect
2024-03-11T07:49:45+00:00 DEBUG user Entering Users() method ...
2024-03-11T07:49:45+00:00 DEBUG VT Entering getColumnFields(Users) method ...
2024-03-11T07:49:45+00:00 DEBUG VT in getColumnFields Users
2024-03-11T07:49:45+00:00 DEBUG VT Prepared sql query being executed : SELECT tabid, name, ownedby FROM vtiger_tab
2024-03-11T07:49:45+00:00 DEBUG VT Prepared sql query being executed : SELECT tabid, fieldname, fieldid, fieldlabel, columnname, tablename, uitype, typeofdata, presence
		FROM vtiger_field WHERE tabid in (?)
2024-03-11T07:49:45+00:00 DEBUG VT Prepared sql query parameters : [29]
2024-03-11T07:49:45+00:00 DEBUG VT Exiting getColumnFields method ...
2024-03-11T07:49:45+00:00 DEBUG user Exiting Users() method ...
2024-03-11T07:49:45+00:00 DEBUG VT Entering getColumnFields(Users) method ...
2024-03-11T07:49:45+00:00 DEBUG VT in getColumnFields Users
2024-03-11T07:49:45+00:00 DEBUG VT Exiting getColumnFields method ...
2024-03-11T07:49:45+00:00 DEBUG VT Prepared sql query being executed : SELECT * FROM vtiger_tab
2024-03-11T07:49:45+00:00 DEBUG VT Prepared sql query being executed : SELECT fieldname,modulename,tablename,entityidfield,entityidcolumn from vtiger_entityname
2024-03-11T07:49:45+00:00 DEBUG VT Entering isPermitted(Calendar,DetailView,) method ...
2024-03-11T07:49:45+00:00 DEBUG VT Entering getActionid(DetailView) method ...
2024-03-11T07:49:45+00:00 INFO  VT get Actionid DetailView
2024-03-11T07:49:45+00:00 INFO  VT action id selected is 4
2024-03-11T07:49:45+00:00 DEBUG VT Exiting getActionid method ...
2024-03-11T07:49:45+00:00 DEBUG VT Exiting isPermitted method ...
2024-03-11T07:49:45+00:00 DEBUG VT Prepared sql query being executed : SELECT reminderid, recordid FROM vtiger_activity_reminder_popup
								INNER JOIN vtiger_activity on vtiger_activity.activityid = vtiger_activity_reminder_popup.recordid
								INNER JOIN vtiger_crmentity ON vtiger_activity_reminder_popup.recordid = vtiger_crmentity.crmid
								WHERE vtiger_activity_reminder_popup.status = 0
								AND vtiger_crmentity.smownerid = ? AND vtiger_crmentity.deleted = 0
								AND ((DATE_FORMAT(vtiger_activity_reminder_popup.date_start,'%Y-%m-%d') <= ?)
								AND (TIME_FORMAT(vtiger_activity_reminder_popup.time_start,'%H:%i') <= ?))
								AND vtiger_activity.eventstatus <> 'Held' AND (vtiger_activity.status <> 'Completed' OR vtiger_activity.status IS NULL) LIMIT 20
2024-03-11T07:49:45+00:00 DEBUG VT Prepared sql query parameters : [1,2024-03-11,07:50]
2024-03-11T07:50:45+00:00 INFO  VT PearDatabase ->ADODB disconnect
2024-03-11T07:50:46+00:00 DEBUG user Entering Users() method ...
2024-03-11T07:50:46+00:00 DEBUG VT Entering getColumnFields(Users) method ...
2024-03-11T07:50:46+00:00 DEBUG VT in getColumnFields Users
2024-03-11T07:50:46+00:00 DEBUG VT Prepared sql query being executed : SELECT tabid, name, ownedby FROM vtiger_tab
2024-03-11T07:50:46+00:00 DEBUG VT Prepared sql query being executed : SELECT tabid, fieldname, fieldid, fieldlabel, columnname, tablename, uitype, typeofdata, presence
		FROM vtiger_field WHERE tabid in (?)
2024-03-11T07:50:46+00:00 DEBUG VT Prepared sql query parameters : [29]
2024-03-11T07:50:46+00:00 DEBUG VT Exiting getColumnFields method ...
2024-03-11T07:50:46+00:00 DEBUG user Exiting Users() method ...
2024-03-11T07:50:46+00:00 DEBUG VT Entering getColumnFields(Users) method ...
2024-03-11T07:50:46+00:00 DEBUG VT in getColumnFields Users
2024-03-11T07:50:46+00:00 DEBUG VT Exiting getColumnFields method ...
2024-03-11T07:50:46+00:00 DEBUG VT Prepared sql query being executed : SELECT * FROM vtiger_tab
2024-03-11T07:50:46+00:00 DEBUG VT Prepared sql query being executed : SELECT fieldname,modulename,tablename,entityidfield,entityidcolumn from vtiger_entityname
2024-03-11T07:50:46+00:00 DEBUG VT Entering isPermitted(Calendar,DetailView,) method ...
2024-03-11T07:50:46+00:00 DEBUG VT Entering getActionid(DetailView) method ...
2024-03-11T07:50:46+00:00 INFO  VT get Actionid DetailView
2024-03-11T07:50:46+00:00 INFO  VT action id selected is 4
2024-03-11T07:50:46+00:00 DEBUG VT Exiting getActionid method ...
2024-03-11T07:50:46+00:00 DEBUG VT Exiting isPermitted method ...
2024-03-11T07:50:46+00:00 DEBUG VT Prepared sql query being executed : SELECT reminderid, recordid FROM vtiger_activity_reminder_popup
								INNER JOIN vtiger_activity on vtiger_activity.activityid = vtiger_activity_reminder_popup.recordid
								INNER JOIN vtiger_crmentity ON vtiger_activity_reminder_popup.recordid = vtiger_crmentity.crmid
								WHERE vtiger_activity_reminder_popup.status = 0
								AND vtiger_crmentity.smownerid = ? AND vtiger_crmentity.deleted = 0
								AND ((DATE_FORMAT(vtiger_activity_reminder_popup.date_start,'%Y-%m-%d') <= ?)
								AND (TIME_FORMAT(vtiger_activity_reminder_popup.time_start,'%H:%i') <= ?))
								AND vtiger_activity.eventstatus <> 'Held' AND (vtiger_activity.status <> 'Completed' OR vtiger_activity.status IS NULL) LIMIT 20
2024-03-11T07:50:46+00:00 DEBUG VT Prepared sql query parameters : [1,2024-03-11,07:51]
2024-03-11T07:52:16+00:00 INFO  VT PearDatabase ->ADODB disconnect
2024-03-11T07:52:17+00:00 DEBUG user Entering Users() method ...
2024-03-11T07:52:17+00:00 DEBUG VT Entering getColumnFields(Users) method ...
2024-03-11T07:52:17+00:00 DEBUG VT in getColumnFields Users
2024-03-11T07:52:17+00:00 DEBUG VT Prepared sql query being executed : SELECT tabid, name, ownedby FROM vtiger_tab
2024-03-11T07:52:17+00:00 DEBUG VT Prepared sql query being executed : SELECT tabid, fieldname, fieldid, fieldlabel, columnname, tablename, uitype, typeofdata, presence
		FROM vtiger_field WHERE tabid in (?)
2024-03-11T07:52:17+00:00 DEBUG VT Prepared sql query parameters : [29]
2024-03-11T07:52:17+00:00 DEBUG VT Exiting getColumnFields method ...
2024-03-11T07:52:17+00:00 DEBUG user Exiting Users() method ...
2024-03-11T07:52:17+00:00 DEBUG VT Entering getColumnFields(Users) method ...
2024-03-11T07:52:17+00:00 DEBUG VT in getColumnFields Users
2024-03-11T07:52:17+00:00 DEBUG VT Exiting getColumnFields method ...
2024-03-11T07:52:17+00:00 DEBUG VT Prepared sql query being executed : SELECT * FROM vtiger_tab
2024-03-11T07:52:17+00:00 DEBUG VT Prepared sql query being executed : SELECT fieldname,modulename,tablename,entityidfield,entityidcolumn from vtiger_entityname
2024-03-11T07:52:17+00:00 DEBUG VT Entering isPermitted(Calendar,DetailView,) method ...
2024-03-11T07:52:17+00:00 DEBUG VT Entering getActionid(DetailView) method ...
2024-03-11T07:52:17+00:00 INFO  VT get Actionid DetailView
2024-03-11T07:52:17+00:00 INFO  VT action id selected is 4
2024-03-11T07:52:17+00:00 DEBUG VT Exiting getActionid method ...
2024-03-11T07:52:17+00:00 DEBUG VT Exiting isPermitted method ...
2024-03-11T07:52:17+00:00 DEBUG VT Prepared sql query being executed : SELECT reminderid, recordid FROM vtiger_activity_reminder_popup
								INNER JOIN vtiger_activity on vtiger_activity.activityid = vtiger_activity_reminder_popup.recordid
								INNER JOIN vtiger_crmentity ON vtiger_activity_reminder_popup.recordid = vtiger_crmentity.crmid
								WHERE vtiger_activity_reminder_popup.status = 0
								AND vtiger_crmentity.smownerid = ? AND vtiger_crmentity.deleted = 0
								AND ((DATE_FORMAT(vtiger_activity_reminder_popup.date_start,'%Y-%m-%d') <= ?)
								AND (TIME_FORMAT(vtiger_activity_reminder_popup.time_start,'%H:%i') <= ?))
								AND vtiger_activity.eventstatus <> 'Held' AND (vtiger_activity.status <> 'Completed' OR vtiger_activity.status IS NULL) LIMIT 20
2024-03-11T07:52:17+00:00 DEBUG VT Prepared sql query parameters : [1,2024-03-11,07:53]
2024-03-11T07:53:16+00:00 INFO  VT PearDatabase ->ADODB disconnect
2024-03-11T07:53:17+00:00 DEBUG user Entering Users() method ...
2024-03-11T07:53:17+00:00 DEBUG VT Entering getColumnFields(Users) method ...
2024-03-11T07:53:17+00:00 DEBUG VT in getColumnFields Users
2024-03-11T07:53:17+00:00 DEBUG VT Prepared sql query being executed : SELECT tabid, name, ownedby FROM vtiger_tab
2024-03-11T07:53:17+00:00 DEBUG VT Prepared sql query being executed : SELECT tabid, fieldname, fieldid, fieldlabel, columnname, tablename, uitype, typeofdata, presence
		FROM vtiger_field WHERE tabid in (?)
2024-03-11T07:53:17+00:00 DEBUG VT Prepared sql query parameters : [29]
2024-03-11T07:53:17+00:00 DEBUG VT Exiting getColumnFields method ...
2024-03-11T07:53:17+00:00 DEBUG user Exiting Users() method ...
2024-03-11T07:53:17+00:00 DEBUG VT Entering getColumnFields(Users) method ...
2024-03-11T07:53:17+00:00 DEBUG VT in getColumnFields Users
2024-03-11T07:53:17+00:00 DEBUG VT Exiting getColumnFields method ...
2024-03-11T07:53:17+00:00 DEBUG VT Prepared sql query being executed : SELECT * FROM vtiger_tab
2024-03-11T07:53:17+00:00 DEBUG VT Prepared sql query being executed : SELECT fieldname,modulename,tablename,entityidfield,entityidcolumn from vtiger_entityname
2024-03-11T07:53:17+00:00 DEBUG VT Entering isPermitted(Calendar,DetailView,) method ...
2024-03-11T07:53:17+00:00 DEBUG VT Entering getActionid(DetailView) method ...
2024-03-11T07:53:17+00:00 INFO  VT get Actionid DetailView
2024-03-11T07:53:17+00:00 INFO  VT action id selected is 4
2024-03-11T07:53:17+00:00 DEBUG VT Exiting getActionid method ...
2024-03-11T07:53:17+00:00 DEBUG VT Exiting isPermitted method ...
2024-03-11T07:53:17+00:00 DEBUG VT Prepared sql query being executed : SELECT reminderid, recordid FROM vtiger_activity_reminder_popup
								INNER JOIN vtiger_activity on vtiger_activity.activityid = vtiger_activity_reminder_popup.recordid
								INNER JOIN vtiger_crmentity ON vtiger_activity_reminder_popup.recordid = vtiger_crmentity.crmid
								WHERE vtiger_activity_reminder_popup.status = 0
								AND vtiger_crmentity.smownerid = ? AND vtiger_crmentity.deleted = 0
								AND ((DATE_FORMAT(vtiger_activity_reminder_popup.date_start,'%Y-%m-%d') <= ?)
								AND (TIME_FORMAT(vtiger_activity_reminder_popup.time_start,'%H:%i') <= ?))
								AND vtiger_activity.eventstatus <> 'Held' AND (vtiger_activity.status <> 'Completed' OR vtiger_activity.status IS NULL) LIMIT 20
2024-03-11T07:53:17+00:00 DEBUG VT Prepared sql query parameters : [1,2024-03-11,07:54]
2024-03-11T07:54:16+00:00 INFO  VT PearDatabase ->ADODB disconnect
2024-03-11T07:54:17+00:00 DEBUG user Entering Users() method ...
2024-03-11T07:54:17+00:00 DEBUG VT Entering getColumnFields(Users) method ...
2024-03-11T07:54:17+00:00 DEBUG VT in getColumnFields Users
2024-03-11T07:54:17+00:00 DEBUG VT Prepared sql query being executed : SELECT tabid, name, ownedby FROM vtiger_tab
2024-03-11T07:54:17+00:00 DEBUG VT Prepared sql query being executed : SELECT tabid, fieldname, fieldid, fieldlabel, columnname, tablename, uitype, typeofdata, presence
		FROM vtiger_field WHERE tabid in (?)
2024-03-11T07:54:17+00:00 DEBUG VT Prepared sql query parameters : [29]
2024-03-11T07:54:17+00:00 DEBUG VT Exiting getColumnFields method ...
2024-03-11T07:54:17+00:00 DEBUG user Exiting Users() method ...
2024-03-11T07:54:17+00:00 DEBUG VT Entering getColumnFields(Users) method ...
2024-03-11T07:54:17+00:00 DEBUG VT in getColumnFields Users
2024-03-11T07:54:17+00:00 DEBUG VT Exiting getColumnFields method ...
2024-03-11T07:54:17+00:00 DEBUG VT Prepared sql query being executed : SELECT * FROM vtiger_tab
2024-03-11T07:54:17+00:00 DEBUG VT Prepared sql query being executed : SELECT fieldname,modulename,tablename,entityidfield,entityidcolumn from vtiger_entityname
2024-03-11T07:54:17+00:00 DEBUG VT Entering isPermitted(Calendar,DetailView,) method ...
2024-03-11T07:54:17+00:00 DEBUG VT Entering getActionid(DetailView) method ...
2024-03-11T07:54:17+00:00 INFO  VT get Actionid DetailView
2024-03-11T07:54:17+00:00 INFO  VT action id selected is 4
2024-03-11T07:54:17+00:00 DEBUG VT Exiting getActionid method ...
2024-03-11T07:54:17+00:00 DEBUG VT Exiting isPermitted method ...
2024-03-11T07:54:17+00:00 DEBUG VT Prepared sql query being executed : SELECT reminderid, recordid FROM vtiger_activity_reminder_popup
								INNER JOIN vtiger_activity on vtiger_activity.activityid = vtiger_activity_reminder_popup.recordid
								INNER JOIN vtiger_crmentity ON vtiger_activity_reminder_popup.recordid = vtiger_crmentity.crmid
								WHERE vtiger_activity_reminder_popup.status = 0
								AND vtiger_crmentity.smownerid = ? AND vtiger_crmentity.deleted = 0
								AND ((DATE_FORMAT(vtiger_activity_reminder_popup.date_start,'%Y-%m-%d') <= ?)
								AND (TIME_FORMAT(vtiger_activity_reminder_popup.time_start,'%H:%i') <= ?))
								AND vtiger_activity.eventstatus <> 'Held' AND (vtiger_activity.status <> 'Completed' OR vtiger_activity.status IS NULL) LIMIT 20
2024-03-11T07:54:17+00:00 DEBUG VT Prepared sql query parameters : [1,2024-03-11,07:55]
2024-03-11T07:55:16+00:00 INFO  VT PearDatabase ->ADODB disconnect
2024-03-11T07:55:17+00:00 DEBUG user Entering Users() method ...
2024-03-11T07:55:17+00:00 DEBUG VT Entering getColumnFields(Users) method ...
2024-03-11T07:55:17+00:00 DEBUG VT in getColumnFields Users
2024-03-11T07:55:17+00:00 DEBUG VT Prepared sql query being executed : SELECT tabid, name, ownedby FROM vtiger_tab
2024-03-11T07:55:17+00:00 DEBUG VT Prepared sql query being executed : SELECT tabid, fieldname, fieldid, fieldlabel, columnname, tablename, uitype, typeofdata, presence
		FROM vtiger_field WHERE tabid in (?)
2024-03-11T07:55:17+00:00 DEBUG VT Prepared sql query parameters : [29]
2024-03-11T07:55:17+00:00 DEBUG VT Exiting getColumnFields method ...
2024-03-11T07:55:17+00:00 DEBUG user Exiting Users() method ...
2024-03-11T07:55:17+00:00 DEBUG VT Entering getColumnFields(Users) method ...
2024-03-11T07:55:17+00:00 DEBUG VT in getColumnFields Users
2024-03-11T07:55:17+00:00 DEBUG VT Exiting getColumnFields method ...
2024-03-11T07:55:17+00:00 DEBUG VT Prepared sql query being executed : SELECT * FROM vtiger_tab
2024-03-11T07:55:17+00:00 DEBUG VT Prepared sql query being executed : SELECT fieldname,modulename,tablename,entityidfield,entityidcolumn from vtiger_entityname
2024-03-11T07:55:17+00:00 DEBUG VT Entering isPermitted(Calendar,DetailView,) method ...
2024-03-11T07:55:17+00:00 DEBUG VT Entering getActionid(DetailView) method ...
2024-03-11T07:55:17+00:00 INFO  VT get Actionid DetailView
2024-03-11T07:55:17+00:00 INFO  VT action id selected is 4
2024-03-11T07:55:17+00:00 DEBUG VT Exiting getActionid method ...
2024-03-11T07:55:17+00:00 DEBUG VT Exiting isPermitted method ...
2024-03-11T07:55:17+00:00 DEBUG VT Prepared sql query being executed : SELECT reminderid, recordid FROM vtiger_activity_reminder_popup
								INNER JOIN vtiger_activity on vtiger_activity.activityid = vtiger_activity_reminder_popup.recordid
								INNER JOIN vtiger_crmentity ON vtiger_activity_reminder_popup.recordid = vtiger_crmentity.crmid
								WHERE vtiger_activity_reminder_popup.status = 0
								AND vtiger_crmentity.smownerid = ? AND vtiger_crmentity.deleted = 0
								AND ((DATE_FORMAT(vtiger_activity_reminder_popup.date_start,'%Y-%m-%d') <= ?)
								AND (TIME_FORMAT(vtiger_activity_reminder_popup.time_start,'%H:%i') <= ?))
								AND vtiger_activity.eventstatus <> 'Held' AND (vtiger_activity.status <> 'Completed' OR vtiger_activity.status IS NULL) LIMIT 20
2024-03-11T07:55:17+00:00 DEBUG VT Prepared sql query parameters : [1,2024-03-11,07:56]
2024-03-11T07:56:16+00:00 INFO  VT PearDatabase ->ADODB disconnect
2024-03-11T07:56:17+00:00 DEBUG user Entering Users() method ...
2024-03-11T07:56:17+00:00 DEBUG VT Entering getColumnFields(Users) method ...
2024-03-11T07:56:17+00:00 DEBUG VT in getColumnFields Users
2024-03-11T07:56:17+00:00 DEBUG VT Prepared sql query being executed : SELECT tabid, name, ownedby FROM vtiger_tab
2024-03-11T07:56:17+00:00 DEBUG VT Prepared sql query being executed : SELECT tabid, fieldname, fieldid, fieldlabel, columnname, tablename, uitype, typeofdata, presence
		FROM vtiger_field WHERE tabid in (?)
2024-03-11T07:56:17+00:00 DEBUG VT Prepared sql query parameters : [29]
2024-03-11T07:56:17+00:00 DEBUG VT Exiting getColumnFields method ...
2024-03-11T07:56:17+00:00 DEBUG user Exiting Users() method ...
2024-03-11T07:56:17+00:00 DEBUG VT Entering getColumnFields(Users) method ...
2024-03-11T07:56:17+00:00 DEBUG VT in getColumnFields Users
2024-03-11T07:56:17+00:00 DEBUG VT Exiting getColumnFields method ...
2024-03-11T07:56:17+00:00 DEBUG VT Prepared sql query being executed : SELECT * FROM vtiger_tab
2024-03-11T07:56:17+00:00 DEBUG VT Prepared sql query being executed : SELECT fieldname,modulename,tablename,entityidfield,entityidcolumn from vtiger_entityname
2024-03-11T07:56:17+00:00 DEBUG VT Entering isPermitted(Calendar,DetailView,) method ...
2024-03-11T07:56:17+00:00 DEBUG VT Entering getActionid(DetailView) method ...
2024-03-11T07:56:17+00:00 INFO  VT get Actionid DetailView
2024-03-11T07:56:17+00:00 INFO  VT action id selected is 4
2024-03-11T07:56:17+00:00 DEBUG VT Exiting getActionid method ...
2024-03-11T07:56:17+00:00 DEBUG VT Exiting isPermitted method ...
2024-03-11T07:56:17+00:00 DEBUG VT Prepared sql query being executed : SELECT reminderid, recordid FROM vtiger_activity_reminder_popup
								INNER JOIN vtiger_activity on vtiger_activity.activityid = vtiger_activity_reminder_popup.recordid
								INNER JOIN vtiger_crmentity ON vtiger_activity_reminder_popup.recordid = vtiger_crmentity.crmid
								WHERE vtiger_activity_reminder_popup.status = 0
								AND vtiger_crmentity.smownerid = ? AND vtiger_crmentity.deleted = 0
								AND ((DATE_FORMAT(vtiger_activity_reminder_popup.date_start,'%Y-%m-%d') <= ?)
								AND (TIME_FORMAT(vtiger_activity_reminder_popup.time_start,'%H:%i') <= ?))
								AND vtiger_activity.eventstatus <> 'Held' AND (vtiger_activity.status <> 'Completed' OR vtiger_activity.status IS NULL) LIMIT 20
2024-03-11T07:56:17+00:00 DEBUG VT Prepared sql query parameters : [1,2024-03-11,07:57]
2024-03-11T07:57:18+00:00 INFO  VT PearDatabase ->ADODB disconnect
2024-03-11T07:57:18+00:00 DEBUG user Entering Users() method ...
2024-03-11T07:57:18+00:00 DEBUG VT Entering getColumnFields(Users) method ...
2024-03-11T07:57:18+00:00 DEBUG VT in getColumnFields Users
2024-03-11T07:57:18+00:00 DEBUG VT Prepared sql query being executed : SELECT tabid, name, ownedby FROM vtiger_tab
2024-03-11T07:57:18+00:00 DEBUG VT Prepared sql query being executed : SELECT tabid, fieldname, fieldid, fieldlabel, columnname, tablename, uitype, typeofdata, presence
		FROM vtiger_field WHERE tabid in (?)
2024-03-11T07:57:18+00:00 DEBUG VT Prepared sql query parameters : [29]
2024-03-11T07:57:18+00:00 DEBUG VT Exiting getColumnFields method ...
2024-03-11T07:57:18+00:00 DEBUG user Exiting Users() method ...
2024-03-11T07:57:18+00:00 DEBUG VT Entering getColumnFields(Users) method ...
2024-03-11T07:57:18+00:00 DEBUG VT in getColumnFields Users
2024-03-11T07:57:18+00:00 DEBUG VT Exiting getColumnFields method ...
2024-03-11T07:57:18+00:00 DEBUG VT Prepared sql query being executed : SELECT * FROM vtiger_tab
2024-03-11T07:57:18+00:00 DEBUG VT Prepared sql query being executed : SELECT fieldname,modulename,tablename,entityidfield,entityidcolumn from vtiger_entityname
2024-03-11T07:57:18+00:00 DEBUG VT Entering isPermitted(Calendar,DetailView,) method ...
2024-03-11T07:57:18+00:00 DEBUG VT Entering getActionid(DetailView) method ...
2024-03-11T07:57:18+00:00 INFO  VT get Actionid DetailView
2024-03-11T07:57:18+00:00 INFO  VT action id selected is 4
2024-03-11T07:57:18+00:00 DEBUG VT Exiting getActionid method ...
2024-03-11T07:57:18+00:00 DEBUG VT Exiting isPermitted method ...
2024-03-11T07:57:18+00:00 DEBUG VT Prepared sql query being executed : SELECT reminderid, recordid FROM vtiger_activity_reminder_popup
								INNER JOIN vtiger_activity on vtiger_activity.activityid = vtiger_activity_reminder_popup.recordid
								INNER JOIN vtiger_crmentity ON vtiger_activity_reminder_popup.recordid = vtiger_crmentity.crmid
								WHERE vtiger_activity_reminder_popup.status = 0
								AND vtiger_crmentity.smownerid = ? AND vtiger_crmentity.deleted = 0
								AND ((DATE_FORMAT(vtiger_activity_reminder_popup.date_start,'%Y-%m-%d') <= ?)
								AND (TIME_FORMAT(vtiger_activity_reminder_popup.time_start,'%H:%i') <= ?))
								AND vtiger_activity.eventstatus <> 'Held' AND (vtiger_activity.status <> 'Completed' OR vtiger_activity.status IS NULL) LIMIT 20
2024-03-11T07:57:18+00:00 DEBUG VT Prepared sql query parameters : [1,2024-03-11,07:58]
2024-03-11T07:59:16+00:00 INFO  VT PearDatabase ->ADODB disconnect
2024-03-11T07:59:17+00:00 DEBUG user Entering Users() method ...
2024-03-11T07:59:17+00:00 DEBUG VT Entering getColumnFields(Users) method ...
2024-03-11T07:59:17+00:00 DEBUG VT in getColumnFields Users
2024-03-11T07:59:17+00:00 DEBUG VT Prepared sql query being executed : SELECT tabid, name, ownedby FROM vtiger_tab
2024-03-11T07:59:17+00:00 DEBUG VT Prepared sql query being executed : SELECT tabid, fieldname, fieldid, fieldlabel, columnname, tablename, uitype, typeofdata, presence
		FROM vtiger_field WHERE tabid in (?)
2024-03-11T07:59:17+00:00 DEBUG VT Prepared sql query parameters : [29]
2024-03-11T07:59:17+00:00 DEBUG VT Exiting getColumnFields method ...
2024-03-11T07:59:17+00:00 DEBUG user Exiting Users() method ...
2024-03-11T07:59:17+00:00 DEBUG VT Entering getColumnFields(Users) method ...
2024-03-11T07:59:17+00:00 DEBUG VT in getColumnFields Users
2024-03-11T07:59:17+00:00 DEBUG VT Exiting getColumnFields method ...
2024-03-11T07:59:17+00:00 DEBUG VT Prepared sql query being executed : SELECT * FROM vtiger_tab
2024-03-11T07:59:17+00:00 DEBUG VT Prepared sql query being executed : SELECT fieldname,modulename,tablename,entityidfield,entityidcolumn from vtiger_entityname
2024-03-11T07:59:17+00:00 DEBUG VT Entering isPermitted(Calendar,DetailView,) method ...
2024-03-11T07:59:17+00:00 DEBUG VT Entering getActionid(DetailView) method ...
2024-03-11T07:59:17+00:00 INFO  VT get Actionid DetailView
2024-03-11T07:59:17+00:00 INFO  VT action id selected is 4
2024-03-11T07:59:17+00:00 DEBUG VT Exiting getActionid method ...
2024-03-11T07:59:17+00:00 DEBUG VT Exiting isPermitted method ...
2024-03-11T07:59:17+00:00 DEBUG VT Prepared sql query being executed : SELECT reminderid, recordid FROM vtiger_activity_reminder_popup
								INNER JOIN vtiger_activity on vtiger_activity.activityid = vtiger_activity_reminder_popup.recordid
								INNER JOIN vtiger_crmentity ON vtiger_activity_reminder_popup.recordid = vtiger_crmentity.crmid
								WHERE vtiger_activity_reminder_popup.status = 0
								AND vtiger_crmentity.smownerid = ? AND vtiger_crmentity.deleted = 0
								AND ((DATE_FORMAT(vtiger_activity_reminder_popup.date_start,'%Y-%m-%d') <= ?)
								AND (TIME_FORMAT(vtiger_activity_reminder_popup.time_start,'%H:%i') <= ?))
								AND vtiger_activity.eventstatus <> 'Held' AND (vtiger_activity.status <> 'Completed' OR vtiger_activity.status IS NULL) LIMIT 20
2024-03-11T07:59:17+00:00 DEBUG VT Prepared sql query parameters : [1,2024-03-11,08:00]
2024-03-11T08:00:17+00:00 INFO  VT PearDatabase ->ADODB disconnect
2024-03-11T08:00:18+00:00 DEBUG user Entering Users() method ...
2024-03-11T08:00:18+00:00 DEBUG VT Entering getColumnFields(Users) method ...
2024-03-11T08:00:18+00:00 DEBUG VT in getColumnFields Users
2024-03-11T08:00:18+00:00 DEBUG VT Prepared sql query being executed : SELECT tabid, name, ownedby FROM vtiger_tab
2024-03-11T08:00:18+00:00 DEBUG VT Prepared sql query being executed : SELECT tabid, fieldname, fieldid, fieldlabel, columnname, tablename, uitype, typeofdata, presence
		FROM vtiger_field WHERE tabid in (?)
2024-03-11T08:00:18+00:00 DEBUG VT Prepared sql query parameters : [29]
2024-03-11T08:00:18+00:00 DEBUG VT Exiting getColumnFields method ...
2024-03-11T08:00:18+00:00 DEBUG user Exiting Users() method ...
2024-03-11T08:00:18+00:00 DEBUG VT Entering getColumnFields(Users) method ...
2024-03-11T08:00:18+00:00 DEBUG VT in getColumnFields Users
2024-03-11T08:00:18+00:00 DEBUG VT Exiting getColumnFields method ...
2024-03-11T08:00:18+00:00 DEBUG VT Prepared sql query being executed : SELECT * FROM vtiger_tab
2024-03-11T08:00:18+00:00 DEBUG VT Prepared sql query being executed : SELECT fieldname,modulename,tablename,entityidfield,entityidcolumn from vtiger_entityname
2024-03-11T08:00:18+00:00 DEBUG VT Entering isPermitted(Calendar,DetailView,) method ...
2024-03-11T08:00:18+00:00 DEBUG VT Entering getActionid(DetailView) method ...
2024-03-11T08:00:18+00:00 INFO  VT get Actionid DetailView
2024-03-11T08:00:18+00:00 INFO  VT action id selected is 4
2024-03-11T08:00:18+00:00 DEBUG VT Exiting getActionid method ...
2024-03-11T08:00:18+00:00 DEBUG VT Exiting isPermitted method ...
2024-03-11T08:00:18+00:00 DEBUG VT Prepared sql query being executed : SELECT reminderid, recordid FROM vtiger_activity_reminder_popup
								INNER JOIN vtiger_activity on vtiger_activity.activityid = vtiger_activity_reminder_popup.recordid
								INNER JOIN vtiger_crmentity ON vtiger_activity_reminder_popup.recordid = vtiger_crmentity.crmid
								WHERE vtiger_activity_reminder_popup.status = 0
								AND vtiger_crmentity.smownerid = ? AND vtiger_crmentity.deleted = 0
								AND ((DATE_FORMAT(vtiger_activity_reminder_popup.date_start,'%Y-%m-%d') <= ?)
								AND (TIME_FORMAT(vtiger_activity_reminder_popup.time_start,'%H:%i') <= ?))
								AND vtiger_activity.eventstatus <> 'Held' AND (vtiger_activity.status <> 'Completed' OR vtiger_activity.status IS NULL) LIMIT 20
2024-03-11T08:00:18+00:00 DEBUG VT Prepared sql query parameters : [1,2024-03-11,08:01]
